<?xml version="1.0" encoding="UTF-8"?>
<!-- Generated by org.testng.reporters.JUnitXMLReporter -->
<testsuite ignored="0" hostname="DESKTOP-7FQSF63" failures="0" tests="6" name="Test" time="13.443" errors="0" timestamp="2024-02-23T18:39:08 IST">
  <testcase classname="api.testcases.UserTestSwagger" name="testCreateUser" time="2.732"/>
  <testcase classname="api.testcases.UserTestSwagger" name="testGetUser" time="1.319"/>
  <testcase classname="api.testcases.UserTestSwagger" name="testUpdateUser" time="2.75"/>
  <testcase classname="api.testcases.UserTestSwagger" name="testDeleteUser" time="1.628"/>
  <testcase classname="api.testcases.SwaggerPetTestCase" name="addPetTestCase_01" time="2.699"/>
  <testcase classname="api.testcases.SwaggerPetTestCase" name="getPetByIdTestcase_02" time="1.772"/>
</testsuite> <!-- Test -->
