<?xml version="1.0" encoding="UTF-8"?>
<testng-results ignored="0" total="6" passed="6" failed="0" skipped="0">
  <reporter-output>
  </reporter-output>
  <suite started-at="2024-02-23T18:38:55 IST" name="Suite" finished-at="2024-02-23T18:39:08 IST" duration-ms="13443">
    <groups>
    </groups>
    <test started-at="2024-02-23T18:38:55 IST" name="Test" finished-at="2024-02-23T18:39:08 IST" duration-ms="13443">
      <class name="api.testcases.UserTestSwagger">
        <test-method is-config="true" signature="generateTestData()[pri:0, instance:api.testcases.UserTestSwagger@7bd4937b]" started-at="2024-02-23T18:38:55 IST" name="generateTestData" finished-at="2024-02-23T18:38:55 IST" duration-ms="212" status="PASS">
          <reporter-output>
          </reporter-output>
        </test-method> <!-- generateTestData -->
        <test-method signature="testCreateUser()[pri:1, instance:api.testcases.UserTestSwagger@7bd4937b]" started-at="2024-02-23T18:38:55 IST" name="testCreateUser" finished-at="2024-02-23T18:38:58 IST" duration-ms="2732" status="PASS">
          <reporter-output>
          </reporter-output>
        </test-method> <!-- testCreateUser -->
        <test-method signature="testGetUser()[pri:2, instance:api.testcases.UserTestSwagger@7bd4937b]" started-at="2024-02-23T18:38:58 IST" name="testGetUser" finished-at="2024-02-23T18:38:59 IST" duration-ms="1319" status="PASS">
          <reporter-output>
          </reporter-output>
        </test-method> <!-- testGetUser -->
        <test-method signature="testUpdateUser()[pri:3, instance:api.testcases.UserTestSwagger@7bd4937b]" started-at="2024-02-23T18:38:59 IST" name="testUpdateUser" finished-at="2024-02-23T18:39:02 IST" duration-ms="2750" status="PASS">
          <reporter-output>
          </reporter-output>
        </test-method> <!-- testUpdateUser -->
        <test-method signature="testDeleteUser()[pri:4, instance:api.testcases.UserTestSwagger@7bd4937b]" started-at="2024-02-23T18:39:02 IST" name="testDeleteUser" finished-at="2024-02-23T18:39:04 IST" duration-ms="1628" status="PASS">
          <reporter-output>
          </reporter-output>
        </test-method> <!-- testDeleteUser -->
      </class> <!-- api.testcases.UserTestSwagger -->
      <class name="api.testcases.SwaggerPetTestCase">
        <test-method signature="addPetTestCase_01()[pri:1, instance:api.testcases.SwaggerPetTestCase@4f2b503c]" started-at="2024-02-23T18:39:04 IST" name="addPetTestCase_01" finished-at="2024-02-23T18:39:06 IST" duration-ms="2699" status="PASS">
          <reporter-output>
          </reporter-output>
        </test-method> <!-- addPetTestCase_01 -->
        <test-method signature="getPetByIdTestcase_02()[pri:2, instance:api.testcases.SwaggerPetTestCase@4f2b503c]" started-at="2024-02-23T18:39:06 IST" name="getPetByIdTestcase_02" finished-at="2024-02-23T18:39:08 IST" duration-ms="1772" status="PASS">
          <reporter-output>
          </reporter-output>
        </test-method> <!-- getPetByIdTestcase_02 -->
      </class> <!-- api.testcases.SwaggerPetTestCase -->
    </test> <!-- Test -->
  </suite> <!-- Suite -->
</testng-results>
